<?xml version="1.0" encoding="UTF-8"?>
<!-- Generated by org.testng.reporters.JUnitXMLReporter -->
<testsuite hostname="Huseyins-MBP" name="Default test" tests="4" failures="0" timestamp="18 Mar 2020 06:05:37 GMT" time="59.83" errors="0">
  <testcase name="getTitle" time="8.005" classname="com.hubspot.tests.LoginPageTest"/>
  <testcase name="LoginTest1" time="6.609" classname="com.hubspot.tests.LoginPageTest"/>
  <testcase name="LoginTest2" time="5.617" classname="com.hubspot.tests.LoginPageTest"/>
  <testcase name="LoginTest3" time="1.168" classname="com.hubspot.tests.LoginPageTest"/>
</testsuite> <!-- Default test -->
