<?xml version="1.0" encoding="UTF-8"?>
<!-- Generated by org.testng.reporters.JUnitXMLReporter -->
<testsuite hostname="Huseyins-MBP" name="Default test" tests="4" failures="0" timestamp="11 Mar 2020 05:15:34 GMT" time="39.061" errors="0">
  <testcase name="getTitle" time="0.029" classname="com.hubspot.tests.LoginPageTest"/>
  <testcase name="LoginTest2" time="0.906" classname="com.hubspot.tests.LoginPageTest"/>
  <testcase name="LoginTest3" time="0.663" classname="com.hubspot.tests.LoginPageTest"/>
  <testcase name="LoginTest4" time="0.659" classname="com.hubspot.tests.LoginPageTest"/>
</testsuite> <!-- Default test -->
